<?xml version="1.0" encoding="UTF-8"?>
<!-- Generated by org.testng.reporters.JUnitReportReporter -->
<testsuite hostname="LAPTOP-HMCCQ4GQ" failures="0" tests="1" name="Test_Classes.Post_TC1" time="1.238" errors="0" timestamp="2023-07-01T14:27:15 IST" skipped="0">
  <testcase classname="Test_Classes.Post_TC1" name="extractor" time="1.238"/>
  <system-out/>
</testsuite> <!-- Test_Classes.Post_TC1 -->
